<?xml version="1.0" encoding="UTF-8"?>
<!-- Generated by org.testng.reporters.JUnitReportReporter -->
<testsuite hostname="LAPTOP-4CVKS6PQ" failures="0" tests="2" name="com.Crm.VtigerNew.practiceTest.CallingDataproviderOutsideClass" time="0.016" errors="0" timestamp="2023-09-09T10:57:09 IST" skipped="0">
  <testcase classname="com.Crm.VtigerNew.practiceTest.CallingDataproviderOutsideClass" name="create" time="0.013"/>
  <testcase classname="com.Crm.VtigerNew.practiceTest.CallingDataproviderOutsideClass" name="create" time="0.003"/>
</testsuite> <!-- com.Crm.VtigerNew.practiceTest.CallingDataproviderOutsideClass -->
