<?xml version="1.0" encoding="UTF-8"?>
<!-- Generated by org.testng.reporters.JUnitReportReporter -->
<testsuite hostname="LAPTOP-4CVKS6PQ" failures="0" tests="2" name="com.Crm.VtigerNew.practiceTest.DataProviderPractice" time="0.014" errors="0" timestamp="2023-09-09T10:46:46 IST" skipped="0">
  <testcase classname="com.Crm.VtigerNew.practiceTest.DataProviderPractice" name="create" time="0.012"/>
  <testcase classname="com.Crm.VtigerNew.practiceTest.DataProviderPractice" name="create" time="0.002"/>
</testsuite> <!-- com.Crm.VtigerNew.practiceTest.DataProviderPractice -->
