<?xml version="1.0" encoding="UTF-8"?>
<!-- Generated by org.testng.reporters.JUnitReportReporter -->
<testsuite hostname="LAPTOP-4CVKS6PQ" failures="0" tests="3" name="com.Crm.VtigerNew.practiceTest.TestNgPractice" time="0.014" errors="0" timestamp="2023-09-06T11:47:45 IST" skipped="0">
  <testcase classname="com.Crm.VtigerNew.practiceTest.TestNgPractice" name="delete" time="0.001"/>
  <testcase classname="com.Crm.VtigerNew.practiceTest.TestNgPractice" name="update" time="0.002"/>
  <testcase classname="com.Crm.VtigerNew.practiceTest.TestNgPractice" name="create" time="0.011"/>
</testsuite> <!-- com.Crm.VtigerNew.practiceTest.TestNgPractice -->
