<?xml version="1.0" encoding="UTF-8"?>
<!-- Generated by org.testng.reporters.JUnitReportReporter -->
<testsuite hostname="LAPTOP-4CVKS6PQ" failures="0" tests="2" name="com.Crm.VtigerNew.contactsTest.VerifyuserCreateContacts1Test" time="34.452" errors="0" timestamp="2023-09-12T14:13:36 IST" skipped="0">
  <testcase classname="com.Crm.VtigerNew.contactsTest.VerifyuserCreateContacts1Test" name="verifyUserCreateContactTest" time="16.977"/>
  <testcase classname="com.Crm.VtigerNew.contactsTest.VerifyuserCreateContacts1Test" name="verifyUserCreateContactTest" time="17.475"/>
</testsuite> <!-- com.Crm.VtigerNew.contactsTest.VerifyuserCreateContacts1Test -->
