<?xml version="1.0" encoding="UTF-8"?>
<!-- Generated by org.testng.reporters.JUnitReportReporter -->
<testsuite hostname="LAPTOP-4CVKS6PQ" failures="0" tests="1" name="com.Crm.VtigerNew.organaisationTest.VerifyuserCreateOrganaisationTest" time="19.119" errors="0" timestamp="2023-09-12T14:37:12 IST" skipped="0">
  <testcase classname="com.Crm.VtigerNew.organaisationTest.VerifyuserCreateOrganaisationTest" name="verifyuserCreateOrganaisationTest" time="19.119"/>
</testsuite> <!-- com.Crm.VtigerNew.organaisationTest.VerifyuserCreateOrganaisationTest -->
