<?xml version="1.0" encoding="UTF-8"?>
<!-- Generated by org.testng.reporters.JUnitReportReporter -->
<testsuite hostname="LAPTOP-4CVKS6PQ" failures="0" tests="5" name="com.Crm.VtigerNew.organaisationTest.CreateMultpleOrgNamesTest" time="0.013" errors="0" timestamp="2023-09-11T11:58:21 IST" skipped="0">
  <testcase classname="com.Crm.VtigerNew.organaisationTest.CreateMultpleOrgNamesTest" name="createMultipleOrgNames" time="0.003"/>
  <testcase classname="com.Crm.VtigerNew.organaisationTest.CreateMultpleOrgNamesTest" name="createMultipleOrgNames" time="0.003"/>
  <testcase classname="com.Crm.VtigerNew.organaisationTest.CreateMultpleOrgNamesTest" name="createMultipleOrgNames" time="0.004"/>
  <testcase classname="com.Crm.VtigerNew.organaisationTest.CreateMultpleOrgNamesTest" name="createMultipleOrgNames" time="0.001"/>
  <testcase classname="com.Crm.VtigerNew.organaisationTest.CreateMultpleOrgNamesTest" name="createMultipleOrgNames" time="0.002"/>
</testsuite> <!-- com.Crm.VtigerNew.organaisationTest.CreateMultpleOrgNamesTest -->
