<?xml version="1.0" encoding="UTF-8"?>
<!-- Generated by org.testng.reporters.JUnitReportReporter -->
<testsuite hostname="LAPTOP-4CVKS6PQ" failures="0" tests="1" name="com.Crm.VtigerNew.contactsTest.VerifyuserCreateContactsTest" time="45.394" errors="0" timestamp="2023-09-20T11:56:52 IST" skipped="0">
  <testcase classname="com.Crm.VtigerNew.contactsTest.VerifyuserCreateContactsTest" name="verifyUserCreateContactTest" time="45.394"/>
</testsuite> <!-- com.Crm.VtigerNew.contactsTest.VerifyuserCreateContactsTest -->
